2019-11-13 11:21:03,347 INFO 13504 [Timer] E:\REACT_DEMO\react_blog\service\node_modules\egg-multipart\app\schedule\clean_tmpdir.js next time will execute after 61736679ms at 2019-11-14 04:30:00.026
2019-11-13 11:21:03,347 INFO 13504 [Timer] E:\REACT_DEMO\react_blog\service\node_modules\egg-logrotator\app\schedule\clean_log.js next time will execute after 45536653ms at 2019-11-14 00:00:00.000
2019-11-13 11:21:03,347 INFO 13504 [Timer] E:\REACT_DEMO\react_blog\service\node_modules\egg-logrotator\app\schedule\rotate_by_file.js next time will execute after 45537653ms at 2019-11-14 00:00:01.000
2019-11-13 11:21:03,215 INFO 13384 [egg-schedule]: register schedule E:\REACT_DEMO\react_blog\service\node_modules\egg-multipart\app\schedule\clean_tmpdir.js
2019-11-13 11:21:03,215 INFO 13384 [egg-schedule]: register schedule E:\REACT_DEMO\react_blog\service\node_modules\egg-logrotator\app\schedule\clean_log.js
2019-11-13 11:21:03,215 INFO 13384 [egg-schedule]: register schedule E:\REACT_DEMO\react_blog\service\node_modules\egg-logrotator\app\schedule\rotate_by_file.js
2019-11-13 14:21:24,477 INFO 7572 [egg-schedule]: register schedule E:\REACT_DEMO\react_blog\service\node_modules\egg-multipart\app\schedule\clean_tmpdir.js
2019-11-13 14:21:24,477 INFO 7572 [egg-schedule]: register schedule E:\REACT_DEMO\react_blog\service\node_modules\egg-logrotator\app\schedule\clean_log.js
2019-11-13 14:21:24,477 INFO 7572 [egg-schedule]: register schedule E:\REACT_DEMO\react_blog\service\node_modules\egg-logrotator\app\schedule\rotate_by_file.js
2019-11-13 14:21:40,441 INFO 15660 [egg-schedule]: register schedule E:\REACT_DEMO\react_blog\service\node_modules\egg-multipart\app\schedule\clean_tmpdir.js
2019-11-13 14:21:40,441 INFO 15660 [egg-schedule]: register schedule E:\REACT_DEMO\react_blog\service\node_modules\egg-logrotator\app\schedule\clean_log.js
2019-11-13 14:21:40,441 INFO 15660 [egg-schedule]: register schedule E:\REACT_DEMO\react_blog\service\node_modules\egg-logrotator\app\schedule\rotate_by_file.js
2019-11-13 14:22:03,087 INFO 16092 [egg-schedule]: register schedule E:\REACT_DEMO\react_blog\service\node_modules\egg-multipart\app\schedule\clean_tmpdir.js
2019-11-13 14:22:03,087 INFO 16092 [egg-schedule]: register schedule E:\REACT_DEMO\react_blog\service\node_modules\egg-logrotator\app\schedule\clean_log.js
2019-11-13 14:22:03,087 INFO 16092 [egg-schedule]: register schedule E:\REACT_DEMO\react_blog\service\node_modules\egg-logrotator\app\schedule\rotate_by_file.js
2019-11-13 14:27:21,607 INFO 4408 [egg-schedule]: register schedule E:\REACT_DEMO\react_blog\service\node_modules\egg-multipart\app\schedule\clean_tmpdir.js
2019-11-13 14:27:21,607 INFO 4408 [egg-schedule]: register schedule E:\REACT_DEMO\react_blog\service\node_modules\egg-logrotator\app\schedule\clean_log.js
2019-11-13 14:27:21,607 INFO 4408 [egg-schedule]: register schedule E:\REACT_DEMO\react_blog\service\node_modules\egg-logrotator\app\schedule\rotate_by_file.js
2019-11-13 14:27:36,431 INFO 11904 [egg-schedule]: register schedule E:\REACT_DEMO\react_blog\service\node_modules\egg-multipart\app\schedule\clean_tmpdir.js
2019-11-13 14:27:36,431 INFO 11904 [egg-schedule]: register schedule E:\REACT_DEMO\react_blog\service\node_modules\egg-logrotator\app\schedule\clean_log.js
2019-11-13 14:27:36,431 INFO 11904 [egg-schedule]: register schedule E:\REACT_DEMO\react_blog\service\node_modules\egg-logrotator\app\schedule\rotate_by_file.js
2019-11-13 14:28:01,633 INFO 15408 [egg-schedule]: register schedule E:\REACT_DEMO\react_blog\service\node_modules\egg-multipart\app\schedule\clean_tmpdir.js
2019-11-13 14:28:01,633 INFO 15408 [egg-schedule]: register schedule E:\REACT_DEMO\react_blog\service\node_modules\egg-logrotator\app\schedule\clean_log.js
2019-11-13 14:28:01,633 INFO 15408 [egg-schedule]: register schedule E:\REACT_DEMO\react_blog\service\node_modules\egg-logrotator\app\schedule\rotate_by_file.js
2019-11-13 14:31:55,157 INFO 8208 [egg-schedule]: register schedule E:\REACT_DEMO\react_blog\service\node_modules\egg-multipart\app\schedule\clean_tmpdir.js
2019-11-13 14:31:55,157 INFO 8208 [egg-schedule]: register schedule E:\REACT_DEMO\react_blog\service\node_modules\egg-logrotator\app\schedule\clean_log.js
2019-11-13 14:31:55,157 INFO 8208 [egg-schedule]: register schedule E:\REACT_DEMO\react_blog\service\node_modules\egg-logrotator\app\schedule\rotate_by_file.js
2019-11-13 14:35:35,022 INFO 16004 [egg-schedule]: register schedule E:\REACT_DEMO\react_blog\service\node_modules\egg-multipart\app\schedule\clean_tmpdir.js
2019-11-13 14:35:35,022 INFO 16004 [egg-schedule]: register schedule E:\REACT_DEMO\react_blog\service\node_modules\egg-logrotator\app\schedule\clean_log.js
2019-11-13 14:35:35,022 INFO 16004 [egg-schedule]: register schedule E:\REACT_DEMO\react_blog\service\node_modules\egg-logrotator\app\schedule\rotate_by_file.js
2019-11-13 14:36:17,959 INFO 12000 [egg-schedule]: register schedule E:\REACT_DEMO\react_blog\service\node_modules\egg-multipart\app\schedule\clean_tmpdir.js
2019-11-13 14:36:17,959 INFO 12000 [egg-schedule]: register schedule E:\REACT_DEMO\react_blog\service\node_modules\egg-logrotator\app\schedule\clean_log.js
2019-11-13 14:36:17,959 INFO 12000 [egg-schedule]: register schedule E:\REACT_DEMO\react_blog\service\node_modules\egg-logrotator\app\schedule\rotate_by_file.js
2019-11-14 14:13:53,172 INFO 5180 [Timer] E:\REACT_DEMO\react_blog\service\node_modules\egg-multipart\app\schedule\clean_tmpdir.js next time will execute after 51366831ms at 2019-11-15 04:30:00.003
2019-11-14 14:13:53,173 INFO 5180 [Timer] E:\REACT_DEMO\react_blog\service\node_modules\egg-logrotator\app\schedule\clean_log.js next time will execute after 35166827ms at 2019-11-15 00:00:00.000
2019-11-14 14:13:53,173 INFO 5180 [Timer] E:\REACT_DEMO\react_blog\service\node_modules\egg-logrotator\app\schedule\rotate_by_file.js next time will execute after 35167827ms at 2019-11-15 00:00:01.000
2019-11-14 14:13:52,899 INFO 11004 [egg-schedule]: register schedule E:\REACT_DEMO\react_blog\service\node_modules\egg-multipart\app\schedule\clean_tmpdir.js
2019-11-14 14:13:52,900 INFO 11004 [egg-schedule]: register schedule E:\REACT_DEMO\react_blog\service\node_modules\egg-logrotator\app\schedule\clean_log.js
2019-11-14 14:13:52,900 INFO 11004 [egg-schedule]: register schedule E:\REACT_DEMO\react_blog\service\node_modules\egg-logrotator\app\schedule\rotate_by_file.js
2019-11-14 14:20:35,113 INFO 7872 [egg-schedule]: register schedule E:\REACT_DEMO\react_blog\service\node_modules\egg-multipart\app\schedule\clean_tmpdir.js
2019-11-14 14:20:35,113 INFO 7872 [egg-schedule]: register schedule E:\REACT_DEMO\react_blog\service\node_modules\egg-logrotator\app\schedule\clean_log.js
2019-11-14 14:20:35,113 INFO 7872 [egg-schedule]: register schedule E:\REACT_DEMO\react_blog\service\node_modules\egg-logrotator\app\schedule\rotate_by_file.js
2019-11-14 14:42:44,195 INFO 12592 [egg-schedule]: register schedule E:\REACT_DEMO\react_blog\service\node_modules\egg-multipart\app\schedule\clean_tmpdir.js
2019-11-14 14:42:44,195 INFO 12592 [egg-schedule]: register schedule E:\REACT_DEMO\react_blog\service\node_modules\egg-logrotator\app\schedule\clean_log.js
2019-11-14 14:42:44,195 INFO 12592 [egg-schedule]: register schedule E:\REACT_DEMO\react_blog\service\node_modules\egg-logrotator\app\schedule\rotate_by_file.js
2019-11-14 14:43:50,378 INFO 13016 [egg-schedule]: register schedule E:\REACT_DEMO\react_blog\service\node_modules\egg-multipart\app\schedule\clean_tmpdir.js
2019-11-14 14:43:50,378 INFO 13016 [egg-schedule]: register schedule E:\REACT_DEMO\react_blog\service\node_modules\egg-logrotator\app\schedule\clean_log.js
2019-11-14 14:43:50,378 INFO 13016 [egg-schedule]: register schedule E:\REACT_DEMO\react_blog\service\node_modules\egg-logrotator\app\schedule\rotate_by_file.js
2019-11-14 14:44:07,286 INFO 7776 [egg-schedule]: register schedule E:\REACT_DEMO\react_blog\service\node_modules\egg-multipart\app\schedule\clean_tmpdir.js
2019-11-14 14:44:07,286 INFO 7776 [egg-schedule]: register schedule E:\REACT_DEMO\react_blog\service\node_modules\egg-logrotator\app\schedule\clean_log.js
2019-11-14 14:44:07,286 INFO 7776 [egg-schedule]: register schedule E:\REACT_DEMO\react_blog\service\node_modules\egg-logrotator\app\schedule\rotate_by_file.js
2019-11-14 14:45:14,337 INFO 11484 [egg-schedule]: register schedule E:\REACT_DEMO\react_blog\service\node_modules\egg-multipart\app\schedule\clean_tmpdir.js
2019-11-14 14:45:14,337 INFO 11484 [egg-schedule]: register schedule E:\REACT_DEMO\react_blog\service\node_modules\egg-logrotator\app\schedule\clean_log.js
2019-11-14 14:45:14,337 INFO 11484 [egg-schedule]: register schedule E:\REACT_DEMO\react_blog\service\node_modules\egg-logrotator\app\schedule\rotate_by_file.js
2019-11-14 14:45:49,147 INFO 13284 [egg-schedule]: register schedule E:\REACT_DEMO\react_blog\service\node_modules\egg-multipart\app\schedule\clean_tmpdir.js
2019-11-14 14:45:49,147 INFO 13284 [egg-schedule]: register schedule E:\REACT_DEMO\react_blog\service\node_modules\egg-logrotator\app\schedule\clean_log.js
2019-11-14 14:45:49,147 INFO 13284 [egg-schedule]: register schedule E:\REACT_DEMO\react_blog\service\node_modules\egg-logrotator\app\schedule\rotate_by_file.js
2019-11-14 14:45:59,136 INFO 9276 [egg-schedule]: register schedule E:\REACT_DEMO\react_blog\service\node_modules\egg-multipart\app\schedule\clean_tmpdir.js
2019-11-14 14:45:59,136 INFO 9276 [egg-schedule]: register schedule E:\REACT_DEMO\react_blog\service\node_modules\egg-logrotator\app\schedule\clean_log.js
2019-11-14 14:45:59,136 INFO 9276 [egg-schedule]: register schedule E:\REACT_DEMO\react_blog\service\node_modules\egg-logrotator\app\schedule\rotate_by_file.js
2019-11-14 14:47:12,920 INFO 11644 [egg-schedule]: register schedule E:\REACT_DEMO\react_blog\service\node_modules\egg-multipart\app\schedule\clean_tmpdir.js
2019-11-14 14:47:12,920 INFO 11644 [egg-schedule]: register schedule E:\REACT_DEMO\react_blog\service\node_modules\egg-logrotator\app\schedule\clean_log.js
2019-11-14 14:47:12,920 INFO 11644 [egg-schedule]: register schedule E:\REACT_DEMO\react_blog\service\node_modules\egg-logrotator\app\schedule\rotate_by_file.js
2019-11-14 14:47:47,026 INFO 5908 [egg-schedule]: register schedule E:\REACT_DEMO\react_blog\service\node_modules\egg-multipart\app\schedule\clean_tmpdir.js
2019-11-14 14:47:47,026 INFO 5908 [egg-schedule]: register schedule E:\REACT_DEMO\react_blog\service\node_modules\egg-logrotator\app\schedule\clean_log.js
2019-11-14 14:47:47,026 INFO 5908 [egg-schedule]: register schedule E:\REACT_DEMO\react_blog\service\node_modules\egg-logrotator\app\schedule\rotate_by_file.js
2019-11-14 14:48:50,005 INFO 12416 [egg-schedule]: register schedule E:\REACT_DEMO\react_blog\service\node_modules\egg-multipart\app\schedule\clean_tmpdir.js
2019-11-14 14:48:50,005 INFO 12416 [egg-schedule]: register schedule E:\REACT_DEMO\react_blog\service\node_modules\egg-logrotator\app\schedule\clean_log.js
2019-11-14 14:48:50,005 INFO 12416 [egg-schedule]: register schedule E:\REACT_DEMO\react_blog\service\node_modules\egg-logrotator\app\schedule\rotate_by_file.js
2019-11-14 14:48:55,051 INFO 12112 [egg-schedule]: register schedule E:\REACT_DEMO\react_blog\service\node_modules\egg-multipart\app\schedule\clean_tmpdir.js
2019-11-14 14:48:55,051 INFO 12112 [egg-schedule]: register schedule E:\REACT_DEMO\react_blog\service\node_modules\egg-logrotator\app\schedule\clean_log.js
2019-11-14 14:48:55,051 INFO 12112 [egg-schedule]: register schedule E:\REACT_DEMO\react_blog\service\node_modules\egg-logrotator\app\schedule\rotate_by_file.js
2019-11-14 14:49:42,343 INFO 13280 [Timer] E:\REACT_DEMO\react_blog\service\node_modules\egg-multipart\app\schedule\clean_tmpdir.js next time will execute after 49217661ms at 2019-11-15 04:30:00.004
2019-11-14 14:49:42,343 INFO 13280 [Timer] E:\REACT_DEMO\react_blog\service\node_modules\egg-logrotator\app\schedule\clean_log.js next time will execute after 33017657ms at 2019-11-15 00:00:00.000
2019-11-14 14:49:42,344 INFO 13280 [Timer] E:\REACT_DEMO\react_blog\service\node_modules\egg-logrotator\app\schedule\rotate_by_file.js next time will execute after 33018657ms at 2019-11-15 00:00:01.001
2019-11-14 14:49:42,174 INFO 13112 [egg-schedule]: register schedule E:\REACT_DEMO\react_blog\service\node_modules\egg-multipart\app\schedule\clean_tmpdir.js
2019-11-14 14:49:42,174 INFO 13112 [egg-schedule]: register schedule E:\REACT_DEMO\react_blog\service\node_modules\egg-logrotator\app\schedule\clean_log.js
2019-11-14 14:49:42,174 INFO 13112 [egg-schedule]: register schedule E:\REACT_DEMO\react_blog\service\node_modules\egg-logrotator\app\schedule\rotate_by_file.js
2019-11-14 14:51:13,724 INFO 11704 [egg-schedule]: register schedule E:\REACT_DEMO\react_blog\service\node_modules\egg-multipart\app\schedule\clean_tmpdir.js
2019-11-14 14:51:13,724 INFO 11704 [egg-schedule]: register schedule E:\REACT_DEMO\react_blog\service\node_modules\egg-logrotator\app\schedule\clean_log.js
2019-11-14 14:51:13,724 INFO 11704 [egg-schedule]: register schedule E:\REACT_DEMO\react_blog\service\node_modules\egg-logrotator\app\schedule\rotate_by_file.js
2019-11-14 14:52:16,632 INFO 10548 [egg-schedule]: register schedule E:\REACT_DEMO\react_blog\service\node_modules\egg-multipart\app\schedule\clean_tmpdir.js
2019-11-14 14:52:16,632 INFO 10548 [egg-schedule]: register schedule E:\REACT_DEMO\react_blog\service\node_modules\egg-logrotator\app\schedule\clean_log.js
2019-11-14 14:52:16,632 INFO 10548 [egg-schedule]: register schedule E:\REACT_DEMO\react_blog\service\node_modules\egg-logrotator\app\schedule\rotate_by_file.js
2019-11-14 15:02:33,657 INFO 8288 [Timer] E:\REACT_DEMO\react_blog\service\node_modules\egg-multipart\app\schedule\clean_tmpdir.js next time will execute after 48446346ms at 2019-11-15 04:30:00.003
2019-11-14 15:02:33,658 INFO 8288 [Timer] E:\REACT_DEMO\react_blog\service\node_modules\egg-logrotator\app\schedule\clean_log.js next time will execute after 32246342ms at 2019-11-15 00:00:00.000
2019-11-14 15:02:33,658 INFO 8288 [Timer] E:\REACT_DEMO\react_blog\service\node_modules\egg-logrotator\app\schedule\rotate_by_file.js next time will execute after 32247342ms at 2019-11-15 00:00:01.000
2019-11-14 15:02:33,485 INFO 13288 [egg-schedule]: register schedule E:\REACT_DEMO\react_blog\service\node_modules\egg-multipart\app\schedule\clean_tmpdir.js
2019-11-14 15:02:33,486 INFO 13288 [egg-schedule]: register schedule E:\REACT_DEMO\react_blog\service\node_modules\egg-logrotator\app\schedule\clean_log.js
2019-11-14 15:02:33,486 INFO 13288 [egg-schedule]: register schedule E:\REACT_DEMO\react_blog\service\node_modules\egg-logrotator\app\schedule\rotate_by_file.js
2019-11-14 15:12:29,052 INFO 11584 [Timer] E:\REACT_DEMO\react_blog\service\node_modules\egg-multipart\app\schedule\clean_tmpdir.js next time will execute after 47850951ms at 2019-11-15 04:30:00.003
2019-11-14 15:12:29,053 INFO 11584 [Timer] E:\REACT_DEMO\react_blog\service\node_modules\egg-logrotator\app\schedule\clean_log.js next time will execute after 31650948ms at 2019-11-15 00:00:00.001
2019-11-14 15:12:29,053 INFO 11584 [Timer] E:\REACT_DEMO\react_blog\service\node_modules\egg-logrotator\app\schedule\rotate_by_file.js next time will execute after 31651947ms at 2019-11-15 00:00:01.000
2019-11-14 15:12:28,860 INFO 10932 [egg-schedule]: register schedule E:\REACT_DEMO\react_blog\service\node_modules\egg-multipart\app\schedule\clean_tmpdir.js
2019-11-14 15:12:28,860 INFO 10932 [egg-schedule]: register schedule E:\REACT_DEMO\react_blog\service\node_modules\egg-logrotator\app\schedule\clean_log.js
2019-11-14 15:12:28,860 INFO 10932 [egg-schedule]: register schedule E:\REACT_DEMO\react_blog\service\node_modules\egg-logrotator\app\schedule\rotate_by_file.js
2019-11-14 15:19:00,767 INFO 12848 [egg-schedule]: register schedule E:\REACT_DEMO\react_blog\service\node_modules\egg-multipart\app\schedule\clean_tmpdir.js
2019-11-14 15:19:00,767 INFO 12848 [egg-schedule]: register schedule E:\REACT_DEMO\react_blog\service\node_modules\egg-logrotator\app\schedule\clean_log.js
2019-11-14 15:19:00,767 INFO 12848 [egg-schedule]: register schedule E:\REACT_DEMO\react_blog\service\node_modules\egg-logrotator\app\schedule\rotate_by_file.js
2019-11-14 15:24:07,005 INFO 12768 [egg-schedule]: register schedule E:\REACT_DEMO\react_blog\service\node_modules\egg-multipart\app\schedule\clean_tmpdir.js
2019-11-14 15:24:07,005 INFO 12768 [egg-schedule]: register schedule E:\REACT_DEMO\react_blog\service\node_modules\egg-logrotator\app\schedule\clean_log.js
2019-11-14 15:24:07,005 INFO 12768 [egg-schedule]: register schedule E:\REACT_DEMO\react_blog\service\node_modules\egg-logrotator\app\schedule\rotate_by_file.js
2019-11-14 15:26:08,353 INFO 9352 [egg-schedule]: register schedule E:\REACT_DEMO\react_blog\service\node_modules\egg-multipart\app\schedule\clean_tmpdir.js
2019-11-14 15:26:08,353 INFO 9352 [egg-schedule]: register schedule E:\REACT_DEMO\react_blog\service\node_modules\egg-logrotator\app\schedule\clean_log.js
2019-11-14 15:26:08,353 INFO 9352 [egg-schedule]: register schedule E:\REACT_DEMO\react_blog\service\node_modules\egg-logrotator\app\schedule\rotate_by_file.js
2019-11-14 15:32:37,086 INFO 11912 [Timer] E:\REACT_DEMO\react_blog\service\node_modules\egg-multipart\app\schedule\clean_tmpdir.js next time will execute after 46642917ms at 2019-11-15 04:30:00.003
2019-11-14 15:32:37,087 INFO 11912 [Timer] E:\REACT_DEMO\react_blog\service\node_modules\egg-logrotator\app\schedule\clean_log.js next time will execute after 30442913ms at 2019-11-15 00:00:00.000
2019-11-14 15:32:37,087 INFO 11912 [Timer] E:\REACT_DEMO\react_blog\service\node_modules\egg-logrotator\app\schedule\rotate_by_file.js next time will execute after 30443913ms at 2019-11-15 00:00:01.000
2019-11-14 15:32:36,904 INFO 10260 [egg-schedule]: register schedule E:\REACT_DEMO\react_blog\service\node_modules\egg-multipart\app\schedule\clean_tmpdir.js
2019-11-14 15:32:36,904 INFO 10260 [egg-schedule]: register schedule E:\REACT_DEMO\react_blog\service\node_modules\egg-logrotator\app\schedule\clean_log.js
2019-11-14 15:32:36,904 INFO 10260 [egg-schedule]: register schedule E:\REACT_DEMO\react_blog\service\node_modules\egg-logrotator\app\schedule\rotate_by_file.js
2019-11-15 09:49:45,650 INFO 8400 [Timer] E:\REACT_DEMO\react_blog\service\node_modules\egg-multipart\app\schedule\clean_tmpdir.js next time will execute after 67214354ms at 2019-11-16 04:30:00.004
2019-11-15 09:49:45,650 INFO 8400 [Timer] E:\REACT_DEMO\react_blog\service\node_modules\egg-logrotator\app\schedule\clean_log.js next time will execute after 51014350ms at 2019-11-16 00:00:00.000
2019-11-15 09:49:45,651 INFO 8400 [Timer] E:\REACT_DEMO\react_blog\service\node_modules\egg-logrotator\app\schedule\rotate_by_file.js next time will execute after 51015350ms at 2019-11-16 00:00:01.001
2019-11-15 09:49:45,140 INFO 7852 [egg-schedule]: register schedule E:\REACT_DEMO\react_blog\service\node_modules\egg-multipart\app\schedule\clean_tmpdir.js
2019-11-15 09:49:45,140 INFO 7852 [egg-schedule]: register schedule E:\REACT_DEMO\react_blog\service\node_modules\egg-logrotator\app\schedule\clean_log.js
2019-11-15 09:49:45,140 INFO 7852 [egg-schedule]: register schedule E:\REACT_DEMO\react_blog\service\node_modules\egg-logrotator\app\schedule\rotate_by_file.js
2019-11-15 09:51:56,669 INFO 6028 [egg-schedule]: register schedule E:\REACT_DEMO\react_blog\service\node_modules\egg-multipart\app\schedule\clean_tmpdir.js
2019-11-15 09:51:56,669 INFO 6028 [egg-schedule]: register schedule E:\REACT_DEMO\react_blog\service\node_modules\egg-logrotator\app\schedule\clean_log.js
2019-11-15 09:51:56,669 INFO 6028 [egg-schedule]: register schedule E:\REACT_DEMO\react_blog\service\node_modules\egg-logrotator\app\schedule\rotate_by_file.js
2019-11-15 10:56:42,349 INFO 6704 [egg-schedule]: register schedule E:\REACT_DEMO\react_blog\service\node_modules\egg-multipart\app\schedule\clean_tmpdir.js
2019-11-15 10:56:42,349 INFO 6704 [egg-schedule]: register schedule E:\REACT_DEMO\react_blog\service\node_modules\egg-logrotator\app\schedule\clean_log.js
2019-11-15 10:56:42,349 INFO 6704 [egg-schedule]: register schedule E:\REACT_DEMO\react_blog\service\node_modules\egg-logrotator\app\schedule\rotate_by_file.js
2019-11-15 11:06:08,247 INFO 8084 [egg-schedule]: register schedule E:\REACT_DEMO\react_blog\service\node_modules\egg-multipart\app\schedule\clean_tmpdir.js
2019-11-15 11:06:08,247 INFO 8084 [egg-schedule]: register schedule E:\REACT_DEMO\react_blog\service\node_modules\egg-logrotator\app\schedule\clean_log.js
2019-11-15 11:06:08,247 INFO 8084 [egg-schedule]: register schedule E:\REACT_DEMO\react_blog\service\node_modules\egg-logrotator\app\schedule\rotate_by_file.js
2019-11-15 11:15:38,391 INFO 6916 [egg-schedule]: register schedule E:\REACT_DEMO\react_blog\service\node_modules\egg-multipart\app\schedule\clean_tmpdir.js
2019-11-15 11:15:38,392 INFO 6916 [egg-schedule]: register schedule E:\REACT_DEMO\react_blog\service\node_modules\egg-logrotator\app\schedule\clean_log.js
2019-11-15 11:15:38,392 INFO 6916 [egg-schedule]: register schedule E:\REACT_DEMO\react_blog\service\node_modules\egg-logrotator\app\schedule\rotate_by_file.js
2019-11-15 11:15:51,386 INFO 12652 [egg-schedule]: register schedule E:\REACT_DEMO\react_blog\service\node_modules\egg-multipart\app\schedule\clean_tmpdir.js
2019-11-15 11:15:51,386 INFO 12652 [egg-schedule]: register schedule E:\REACT_DEMO\react_blog\service\node_modules\egg-logrotator\app\schedule\clean_log.js
2019-11-15 11:15:51,386 INFO 12652 [egg-schedule]: register schedule E:\REACT_DEMO\react_blog\service\node_modules\egg-logrotator\app\schedule\rotate_by_file.js
2019-11-15 11:21:31,381 INFO 10580 [egg-schedule]: register schedule E:\REACT_DEMO\react_blog\service\node_modules\egg-multipart\app\schedule\clean_tmpdir.js
2019-11-15 11:21:31,381 INFO 10580 [egg-schedule]: register schedule E:\REACT_DEMO\react_blog\service\node_modules\egg-logrotator\app\schedule\clean_log.js
2019-11-15 11:21:31,381 INFO 10580 [egg-schedule]: register schedule E:\REACT_DEMO\react_blog\service\node_modules\egg-logrotator\app\schedule\rotate_by_file.js
2019-11-15 11:21:38,780 INFO 12960 [egg-schedule]: register schedule E:\REACT_DEMO\react_blog\service\node_modules\egg-multipart\app\schedule\clean_tmpdir.js
2019-11-15 11:21:38,780 INFO 12960 [egg-schedule]: register schedule E:\REACT_DEMO\react_blog\service\node_modules\egg-logrotator\app\schedule\clean_log.js
2019-11-15 11:21:38,780 INFO 12960 [egg-schedule]: register schedule E:\REACT_DEMO\react_blog\service\node_modules\egg-logrotator\app\schedule\rotate_by_file.js
2019-11-15 11:22:01,095 INFO 12524 [egg-schedule]: register schedule E:\REACT_DEMO\react_blog\service\node_modules\egg-multipart\app\schedule\clean_tmpdir.js
2019-11-15 11:22:01,095 INFO 12524 [egg-schedule]: register schedule E:\REACT_DEMO\react_blog\service\node_modules\egg-logrotator\app\schedule\clean_log.js
2019-11-15 11:22:01,095 INFO 12524 [egg-schedule]: register schedule E:\REACT_DEMO\react_blog\service\node_modules\egg-logrotator\app\schedule\rotate_by_file.js
2019-11-15 11:23:14,456 INFO 12460 [egg-schedule]: register schedule E:\REACT_DEMO\react_blog\service\node_modules\egg-multipart\app\schedule\clean_tmpdir.js
2019-11-15 11:23:14,456 INFO 12460 [egg-schedule]: register schedule E:\REACT_DEMO\react_blog\service\node_modules\egg-logrotator\app\schedule\clean_log.js
2019-11-15 11:23:14,456 INFO 12460 [egg-schedule]: register schedule E:\REACT_DEMO\react_blog\service\node_modules\egg-logrotator\app\schedule\rotate_by_file.js
2019-11-15 11:24:27,895 INFO 12640 [egg-schedule]: register schedule E:\REACT_DEMO\react_blog\service\node_modules\egg-multipart\app\schedule\clean_tmpdir.js
2019-11-15 11:24:27,895 INFO 12640 [egg-schedule]: register schedule E:\REACT_DEMO\react_blog\service\node_modules\egg-logrotator\app\schedule\clean_log.js
2019-11-15 11:24:27,895 INFO 12640 [egg-schedule]: register schedule E:\REACT_DEMO\react_blog\service\node_modules\egg-logrotator\app\schedule\rotate_by_file.js
2020-01-07 09:55:58,314 INFO 9120 [Timer] E:\REACT_DEMO\react_blog\service\node_modules\egg-multipart\app\schedule\clean_tmpdir.js next time will execute after 66841690ms at 2020-01-08 04:30:00.004
2020-01-07 09:55:58,314 INFO 9120 [Timer] E:\REACT_DEMO\react_blog\service\node_modules\egg-logrotator\app\schedule\clean_log.js next time will execute after 50641686ms at 2020-01-08 00:00:00.000
2020-01-07 09:55:58,315 INFO 9120 [Timer] E:\REACT_DEMO\react_blog\service\node_modules\egg-logrotator\app\schedule\rotate_by_file.js next time will execute after 50642686ms at 2020-01-08 00:00:01.001
2020-01-07 09:55:58,144 INFO 8716 [egg-schedule]: register schedule E:\REACT_DEMO\react_blog\service\node_modules\egg-multipart\app\schedule\clean_tmpdir.js
2020-01-07 09:55:58,144 INFO 8716 [egg-schedule]: register schedule E:\REACT_DEMO\react_blog\service\node_modules\egg-logrotator\app\schedule\clean_log.js
2020-01-07 09:55:58,144 INFO 8716 [egg-schedule]: register schedule E:\REACT_DEMO\react_blog\service\node_modules\egg-logrotator\app\schedule\rotate_by_file.js
2020-01-07 09:56:50,931 INFO 9200 [Timer] E:\REACT_DEMO\react_blog\service\node_modules\egg-multipart\app\schedule\clean_tmpdir.js next time will execute after 66789073ms at 2020-01-08 04:30:00.004
2020-01-07 09:56:50,931 INFO 9200 [Timer] E:\REACT_DEMO\react_blog\service\node_modules\egg-logrotator\app\schedule\clean_log.js next time will execute after 50589069ms at 2020-01-08 00:00:00.000
2020-01-07 09:56:50,932 INFO 9200 [Timer] E:\REACT_DEMO\react_blog\service\node_modules\egg-logrotator\app\schedule\rotate_by_file.js next time will execute after 50590069ms at 2020-01-08 00:00:01.001
2020-01-07 09:56:50,766 INFO 1048 [egg-schedule]: register schedule E:\REACT_DEMO\react_blog\service\node_modules\egg-multipart\app\schedule\clean_tmpdir.js
2020-01-07 09:56:50,766 INFO 1048 [egg-schedule]: register schedule E:\REACT_DEMO\react_blog\service\node_modules\egg-logrotator\app\schedule\clean_log.js
2020-01-07 09:56:50,766 INFO 1048 [egg-schedule]: register schedule E:\REACT_DEMO\react_blog\service\node_modules\egg-logrotator\app\schedule\rotate_by_file.js
2020-01-07 14:35:12,705 INFO 11180 [Timer] E:\REACT_DEMO\react_blog\service\node_modules\egg-multipart\app\schedule\clean_tmpdir.js next time will execute after 50087306ms at 2020-01-08 04:30:00.011
2020-01-07 14:35:12,706 INFO 11180 [Timer] E:\REACT_DEMO\react_blog\service\node_modules\egg-logrotator\app\schedule\clean_log.js next time will execute after 33887294ms at 2020-01-08 00:00:00.000
2020-01-07 14:35:12,706 INFO 11180 [Timer] E:\REACT_DEMO\react_blog\service\node_modules\egg-logrotator\app\schedule\rotate_by_file.js next time will execute after 33888294ms at 2020-01-08 00:00:01.000
2020-01-07 14:35:12,145 INFO 8036 [egg-schedule]: register schedule E:\REACT_DEMO\react_blog\service\node_modules\egg-multipart\app\schedule\clean_tmpdir.js
2020-01-07 14:35:12,145 INFO 8036 [egg-schedule]: register schedule E:\REACT_DEMO\react_blog\service\node_modules\egg-logrotator\app\schedule\clean_log.js
2020-01-07 14:35:12,145 INFO 8036 [egg-schedule]: register schedule E:\REACT_DEMO\react_blog\service\node_modules\egg-logrotator\app\schedule\rotate_by_file.js
2020-01-07 14:40:37,470 INFO 7700 [egg-schedule]: register schedule E:\REACT_DEMO\react_blog\service\node_modules\egg-multipart\app\schedule\clean_tmpdir.js
2020-01-07 14:40:37,470 INFO 7700 [egg-schedule]: register schedule E:\REACT_DEMO\react_blog\service\node_modules\egg-logrotator\app\schedule\clean_log.js
2020-01-07 14:40:37,470 INFO 7700 [egg-schedule]: register schedule E:\REACT_DEMO\react_blog\service\node_modules\egg-logrotator\app\schedule\rotate_by_file.js
2020-01-07 14:48:14,139 INFO 8980 [egg-schedule]: register schedule E:\REACT_DEMO\react_blog\service\node_modules\egg-multipart\app\schedule\clean_tmpdir.js
2020-01-07 14:48:14,139 INFO 8980 [egg-schedule]: register schedule E:\REACT_DEMO\react_blog\service\node_modules\egg-logrotator\app\schedule\clean_log.js
2020-01-07 14:48:14,139 INFO 8980 [egg-schedule]: register schedule E:\REACT_DEMO\react_blog\service\node_modules\egg-logrotator\app\schedule\rotate_by_file.js
2020-01-07 15:04:26,733 INFO 7424 [egg-schedule]: register schedule E:\REACT_DEMO\react_blog\service\node_modules\egg-multipart\app\schedule\clean_tmpdir.js
2020-01-07 15:04:26,733 INFO 7424 [egg-schedule]: register schedule E:\REACT_DEMO\react_blog\service\node_modules\egg-logrotator\app\schedule\clean_log.js
2020-01-07 15:04:26,733 INFO 7424 [egg-schedule]: register schedule E:\REACT_DEMO\react_blog\service\node_modules\egg-logrotator\app\schedule\rotate_by_file.js
2020-01-07 15:05:21,275 INFO 8108 [Timer] E:\REACT_DEMO\react_blog\service\node_modules\egg-multipart\app\schedule\clean_tmpdir.js next time will execute after 48278729ms at 2020-01-08 04:30:00.004
2020-01-07 15:05:21,275 INFO 8108 [Timer] E:\REACT_DEMO\react_blog\service\node_modules\egg-logrotator\app\schedule\clean_log.js next time will execute after 32078725ms at 2020-01-08 00:00:00.000
2020-01-07 15:05:21,276 INFO 8108 [Timer] E:\REACT_DEMO\react_blog\service\node_modules\egg-logrotator\app\schedule\rotate_by_file.js next time will execute after 32079724ms at 2020-01-08 00:00:01.000
2020-01-07 15:05:21,075 INFO 1428 [egg-schedule]: register schedule E:\REACT_DEMO\react_blog\service\node_modules\egg-multipart\app\schedule\clean_tmpdir.js
2020-01-07 15:05:21,075 INFO 1428 [egg-schedule]: register schedule E:\REACT_DEMO\react_blog\service\node_modules\egg-logrotator\app\schedule\clean_log.js
2020-01-07 15:05:21,075 INFO 1428 [egg-schedule]: register schedule E:\REACT_DEMO\react_blog\service\node_modules\egg-logrotator\app\schedule\rotate_by_file.js
2020-01-07 15:05:58,863 INFO 9868 [egg-schedule]: register schedule E:\REACT_DEMO\react_blog\service\node_modules\egg-multipart\app\schedule\clean_tmpdir.js
2020-01-07 15:05:58,863 INFO 9868 [egg-schedule]: register schedule E:\REACT_DEMO\react_blog\service\node_modules\egg-logrotator\app\schedule\clean_log.js
2020-01-07 15:05:58,863 INFO 9868 [egg-schedule]: register schedule E:\REACT_DEMO\react_blog\service\node_modules\egg-logrotator\app\schedule\rotate_by_file.js
2020-01-07 15:09:15,247 INFO 7228 [egg-schedule]: register schedule E:\REACT_DEMO\react_blog\service\node_modules\egg-multipart\app\schedule\clean_tmpdir.js
2020-01-07 15:09:15,247 INFO 7228 [egg-schedule]: register schedule E:\REACT_DEMO\react_blog\service\node_modules\egg-logrotator\app\schedule\clean_log.js
2020-01-07 15:09:15,247 INFO 7228 [egg-schedule]: register schedule E:\REACT_DEMO\react_blog\service\node_modules\egg-logrotator\app\schedule\rotate_by_file.js
2020-01-07 15:14:28,023 INFO 8920 [egg-schedule]: register schedule E:\REACT_DEMO\react_blog\service\node_modules\egg-multipart\app\schedule\clean_tmpdir.js
2020-01-07 15:14:28,023 INFO 8920 [egg-schedule]: register schedule E:\REACT_DEMO\react_blog\service\node_modules\egg-logrotator\app\schedule\clean_log.js
2020-01-07 15:14:28,023 INFO 8920 [egg-schedule]: register schedule E:\REACT_DEMO\react_blog\service\node_modules\egg-logrotator\app\schedule\rotate_by_file.js
2020-01-07 15:15:44,217 INFO 7772 [egg-schedule]: register schedule E:\REACT_DEMO\react_blog\service\node_modules\egg-multipart\app\schedule\clean_tmpdir.js
2020-01-07 15:15:44,218 INFO 7772 [egg-schedule]: register schedule E:\REACT_DEMO\react_blog\service\node_modules\egg-logrotator\app\schedule\clean_log.js
2020-01-07 15:15:44,218 INFO 7772 [egg-schedule]: register schedule E:\REACT_DEMO\react_blog\service\node_modules\egg-logrotator\app\schedule\rotate_by_file.js
2020-01-07 15:17:46,830 INFO 10420 [egg-schedule]: register schedule E:\REACT_DEMO\react_blog\service\node_modules\egg-multipart\app\schedule\clean_tmpdir.js
2020-01-07 15:17:46,830 INFO 10420 [egg-schedule]: register schedule E:\REACT_DEMO\react_blog\service\node_modules\egg-logrotator\app\schedule\clean_log.js
2020-01-07 15:17:46,830 INFO 10420 [egg-schedule]: register schedule E:\REACT_DEMO\react_blog\service\node_modules\egg-logrotator\app\schedule\rotate_by_file.js
2020-01-07 15:20:39,177 INFO 9872 [egg-schedule]: register schedule E:\REACT_DEMO\react_blog\service\node_modules\egg-multipart\app\schedule\clean_tmpdir.js
2020-01-07 15:20:39,177 INFO 9872 [egg-schedule]: register schedule E:\REACT_DEMO\react_blog\service\node_modules\egg-logrotator\app\schedule\clean_log.js
2020-01-07 15:20:39,177 INFO 9872 [egg-schedule]: register schedule E:\REACT_DEMO\react_blog\service\node_modules\egg-logrotator\app\schedule\rotate_by_file.js
2020-01-07 15:20:59,322 INFO 9020 [egg-schedule]: register schedule E:\REACT_DEMO\react_blog\service\node_modules\egg-multipart\app\schedule\clean_tmpdir.js
2020-01-07 15:20:59,322 INFO 9020 [egg-schedule]: register schedule E:\REACT_DEMO\react_blog\service\node_modules\egg-logrotator\app\schedule\clean_log.js
2020-01-07 15:20:59,322 INFO 9020 [egg-schedule]: register schedule E:\REACT_DEMO\react_blog\service\node_modules\egg-logrotator\app\schedule\rotate_by_file.js
2020-01-07 15:21:48,536 INFO 10616 [egg-schedule]: register schedule E:\REACT_DEMO\react_blog\service\node_modules\egg-multipart\app\schedule\clean_tmpdir.js
2020-01-07 15:21:48,536 INFO 10616 [egg-schedule]: register schedule E:\REACT_DEMO\react_blog\service\node_modules\egg-logrotator\app\schedule\clean_log.js
2020-01-07 15:21:48,536 INFO 10616 [egg-schedule]: register schedule E:\REACT_DEMO\react_blog\service\node_modules\egg-logrotator\app\schedule\rotate_by_file.js
2020-01-07 15:39:24,268 INFO 8720 [Timer] E:\REACT_DEMO\react_blog\service\node_modules\egg-multipart\app\schedule\clean_tmpdir.js next time will execute after 46235736ms at 2020-01-08 04:30:00.004
2020-01-07 15:39:24,268 INFO 8720 [Timer] E:\REACT_DEMO\react_blog\service\node_modules\egg-logrotator\app\schedule\clean_log.js next time will execute after 30035732ms at 2020-01-08 00:00:00.000
2020-01-07 15:39:24,268 INFO 8720 [Timer] E:\REACT_DEMO\react_blog\service\node_modules\egg-logrotator\app\schedule\rotate_by_file.js next time will execute after 30036732ms at 2020-01-08 00:00:01.000
2020-01-07 15:39:24,079 INFO 7928 [egg-schedule]: register schedule E:\REACT_DEMO\react_blog\service\node_modules\egg-multipart\app\schedule\clean_tmpdir.js
2020-01-07 15:39:24,079 INFO 7928 [egg-schedule]: register schedule E:\REACT_DEMO\react_blog\service\node_modules\egg-logrotator\app\schedule\clean_log.js
2020-01-07 15:39:24,079 INFO 7928 [egg-schedule]: register schedule E:\REACT_DEMO\react_blog\service\node_modules\egg-logrotator\app\schedule\rotate_by_file.js
2020-01-07 15:40:31,652 INFO 10924 [egg-schedule]: register schedule E:\REACT_DEMO\react_blog\service\node_modules\egg-multipart\app\schedule\clean_tmpdir.js
2020-01-07 15:40:31,652 INFO 10924 [egg-schedule]: register schedule E:\REACT_DEMO\react_blog\service\node_modules\egg-logrotator\app\schedule\clean_log.js
2020-01-07 15:40:31,652 INFO 10924 [egg-schedule]: register schedule E:\REACT_DEMO\react_blog\service\node_modules\egg-logrotator\app\schedule\rotate_by_file.js
2020-01-07 15:41:39,972 INFO 10476 [egg-schedule]: register schedule E:\REACT_DEMO\react_blog\service\node_modules\egg-multipart\app\schedule\clean_tmpdir.js
2020-01-07 15:41:39,972 INFO 10476 [egg-schedule]: register schedule E:\REACT_DEMO\react_blog\service\node_modules\egg-logrotator\app\schedule\clean_log.js
2020-01-07 15:41:39,972 INFO 10476 [egg-schedule]: register schedule E:\REACT_DEMO\react_blog\service\node_modules\egg-logrotator\app\schedule\rotate_by_file.js
2020-01-07 15:43:23,218 INFO 6908 [egg-schedule]: register schedule E:\REACT_DEMO\react_blog\service\node_modules\egg-multipart\app\schedule\clean_tmpdir.js
2020-01-07 15:43:23,218 INFO 6908 [egg-schedule]: register schedule E:\REACT_DEMO\react_blog\service\node_modules\egg-logrotator\app\schedule\clean_log.js
2020-01-07 15:43:23,218 INFO 6908 [egg-schedule]: register schedule E:\REACT_DEMO\react_blog\service\node_modules\egg-logrotator\app\schedule\rotate_by_file.js
2020-01-07 15:43:32,428 INFO 9548 [egg-schedule]: register schedule E:\REACT_DEMO\react_blog\service\node_modules\egg-multipart\app\schedule\clean_tmpdir.js
2020-01-07 15:43:32,428 INFO 9548 [egg-schedule]: register schedule E:\REACT_DEMO\react_blog\service\node_modules\egg-logrotator\app\schedule\clean_log.js
2020-01-07 15:43:32,428 INFO 9548 [egg-schedule]: register schedule E:\REACT_DEMO\react_blog\service\node_modules\egg-logrotator\app\schedule\rotate_by_file.js
2020-01-07 15:43:42,814 INFO 8352 [egg-schedule]: register schedule E:\REACT_DEMO\react_blog\service\node_modules\egg-multipart\app\schedule\clean_tmpdir.js
2020-01-07 15:43:42,814 INFO 8352 [egg-schedule]: register schedule E:\REACT_DEMO\react_blog\service\node_modules\egg-logrotator\app\schedule\clean_log.js
2020-01-07 15:43:42,814 INFO 8352 [egg-schedule]: register schedule E:\REACT_DEMO\react_blog\service\node_modules\egg-logrotator\app\schedule\rotate_by_file.js
2020-01-07 15:43:51,386 INFO 6584 [egg-schedule]: register schedule E:\REACT_DEMO\react_blog\service\node_modules\egg-multipart\app\schedule\clean_tmpdir.js
2020-01-07 15:43:51,386 INFO 6584 [egg-schedule]: register schedule E:\REACT_DEMO\react_blog\service\node_modules\egg-logrotator\app\schedule\clean_log.js
2020-01-07 15:43:51,386 INFO 6584 [egg-schedule]: register schedule E:\REACT_DEMO\react_blog\service\node_modules\egg-logrotator\app\schedule\rotate_by_file.js
2020-01-07 15:43:59,657 INFO 10720 [egg-schedule]: register schedule E:\REACT_DEMO\react_blog\service\node_modules\egg-multipart\app\schedule\clean_tmpdir.js
2020-01-07 15:43:59,657 INFO 10720 [egg-schedule]: register schedule E:\REACT_DEMO\react_blog\service\node_modules\egg-logrotator\app\schedule\clean_log.js
2020-01-07 15:43:59,657 INFO 10720 [egg-schedule]: register schedule E:\REACT_DEMO\react_blog\service\node_modules\egg-logrotator\app\schedule\rotate_by_file.js
2020-01-07 15:44:17,793 INFO 2820 [egg-schedule]: register schedule E:\REACT_DEMO\react_blog\service\node_modules\egg-multipart\app\schedule\clean_tmpdir.js
2020-01-07 15:44:17,793 INFO 2820 [egg-schedule]: register schedule E:\REACT_DEMO\react_blog\service\node_modules\egg-logrotator\app\schedule\clean_log.js
2020-01-07 15:44:17,793 INFO 2820 [egg-schedule]: register schedule E:\REACT_DEMO\react_blog\service\node_modules\egg-logrotator\app\schedule\rotate_by_file.js
2020-01-07 15:44:42,920 INFO 8416 [Timer] E:\REACT_DEMO\react_blog\service\node_modules\egg-multipart\app\schedule\clean_tmpdir.js next time will execute after 45917084ms at 2020-01-08 04:30:00.004
2020-01-07 15:44:42,920 INFO 8416 [Timer] E:\REACT_DEMO\react_blog\service\node_modules\egg-logrotator\app\schedule\clean_log.js next time will execute after 29717080ms at 2020-01-08 00:00:00.000
2020-01-07 15:44:42,920 INFO 8416 [Timer] E:\REACT_DEMO\react_blog\service\node_modules\egg-logrotator\app\schedule\rotate_by_file.js next time will execute after 29718080ms at 2020-01-08 00:00:01.000
2020-01-07 15:44:42,718 INFO 4760 [egg-schedule]: register schedule E:\REACT_DEMO\react_blog\service\node_modules\egg-multipart\app\schedule\clean_tmpdir.js
2020-01-07 15:44:42,718 INFO 4760 [egg-schedule]: register schedule E:\REACT_DEMO\react_blog\service\node_modules\egg-logrotator\app\schedule\clean_log.js
2020-01-07 15:44:42,718 INFO 4760 [egg-schedule]: register schedule E:\REACT_DEMO\react_blog\service\node_modules\egg-logrotator\app\schedule\rotate_by_file.js
2020-01-07 15:45:10,983 INFO 7932 [egg-schedule]: register schedule E:\REACT_DEMO\react_blog\service\node_modules\egg-multipart\app\schedule\clean_tmpdir.js
2020-01-07 15:45:10,984 INFO 7932 [egg-schedule]: register schedule E:\REACT_DEMO\react_blog\service\node_modules\egg-logrotator\app\schedule\clean_log.js
2020-01-07 15:45:10,984 INFO 7932 [egg-schedule]: register schedule E:\REACT_DEMO\react_blog\service\node_modules\egg-logrotator\app\schedule\rotate_by_file.js
2020-01-07 15:45:23,256 INFO 9796 [egg-schedule]: register schedule E:\REACT_DEMO\react_blog\service\node_modules\egg-multipart\app\schedule\clean_tmpdir.js
2020-01-07 15:45:23,256 INFO 9796 [egg-schedule]: register schedule E:\REACT_DEMO\react_blog\service\node_modules\egg-logrotator\app\schedule\clean_log.js
2020-01-07 15:45:23,256 INFO 9796 [egg-schedule]: register schedule E:\REACT_DEMO\react_blog\service\node_modules\egg-logrotator\app\schedule\rotate_by_file.js
2020-01-07 15:45:41,678 INFO 9300 [egg-schedule]: register schedule E:\REACT_DEMO\react_blog\service\node_modules\egg-multipart\app\schedule\clean_tmpdir.js
2020-01-07 15:45:41,678 INFO 9300 [egg-schedule]: register schedule E:\REACT_DEMO\react_blog\service\node_modules\egg-logrotator\app\schedule\clean_log.js
2020-01-07 15:45:41,678 INFO 9300 [egg-schedule]: register schedule E:\REACT_DEMO\react_blog\service\node_modules\egg-logrotator\app\schedule\rotate_by_file.js
2020-01-07 16:13:18,934 INFO 7560 [egg-schedule]: register schedule E:\REACT_DEMO\react_blog\service\node_modules\egg-multipart\app\schedule\clean_tmpdir.js
2020-01-07 16:13:18,934 INFO 7560 [egg-schedule]: register schedule E:\REACT_DEMO\react_blog\service\node_modules\egg-logrotator\app\schedule\clean_log.js
2020-01-07 16:13:18,934 INFO 7560 [egg-schedule]: register schedule E:\REACT_DEMO\react_blog\service\node_modules\egg-logrotator\app\schedule\rotate_by_file.js
2020-01-07 16:14:16,967 INFO 1920 [egg-schedule]: register schedule E:\REACT_DEMO\react_blog\service\node_modules\egg-multipart\app\schedule\clean_tmpdir.js
2020-01-07 16:14:16,967 INFO 1920 [egg-schedule]: register schedule E:\REACT_DEMO\react_blog\service\node_modules\egg-logrotator\app\schedule\clean_log.js
2020-01-07 16:14:16,967 INFO 1920 [egg-schedule]: register schedule E:\REACT_DEMO\react_blog\service\node_modules\egg-logrotator\app\schedule\rotate_by_file.js
2020-01-07 16:30:19,464 INFO 7964 [egg-schedule]: register schedule E:\REACT_DEMO\react_blog\service\node_modules\egg-multipart\app\schedule\clean_tmpdir.js
2020-01-07 16:30:19,464 INFO 7964 [egg-schedule]: register schedule E:\REACT_DEMO\react_blog\service\node_modules\egg-logrotator\app\schedule\clean_log.js
2020-01-07 16:30:19,464 INFO 7964 [egg-schedule]: register schedule E:\REACT_DEMO\react_blog\service\node_modules\egg-logrotator\app\schedule\rotate_by_file.js
2020-01-07 16:30:30,627 INFO 5784 [egg-schedule]: register schedule E:\REACT_DEMO\react_blog\service\node_modules\egg-multipart\app\schedule\clean_tmpdir.js
2020-01-07 16:30:30,627 INFO 5784 [egg-schedule]: register schedule E:\REACT_DEMO\react_blog\service\node_modules\egg-logrotator\app\schedule\clean_log.js
2020-01-07 16:30:30,627 INFO 5784 [egg-schedule]: register schedule E:\REACT_DEMO\react_blog\service\node_modules\egg-logrotator\app\schedule\rotate_by_file.js
2020-01-08 16:20:33,523 INFO 9748 [egg-schedule]: register schedule E:\REACT_DEMO\react_blog\service\node_modules\egg-multipart\app\schedule\clean_tmpdir.js
2020-01-08 16:20:33,523 INFO 9748 [egg-schedule]: register schedule E:\REACT_DEMO\react_blog\service\node_modules\egg-logrotator\app\schedule\clean_log.js
2020-01-08 16:20:33,523 INFO 9748 [egg-schedule]: register schedule E:\REACT_DEMO\react_blog\service\node_modules\egg-logrotator\app\schedule\rotate_by_file.js
2020-01-08 16:22:56,996 INFO 9920 [egg-schedule]: register schedule E:\REACT_DEMO\react_blog\service\node_modules\egg-multipart\app\schedule\clean_tmpdir.js
2020-01-08 16:22:56,996 INFO 9920 [egg-schedule]: register schedule E:\REACT_DEMO\react_blog\service\node_modules\egg-logrotator\app\schedule\clean_log.js
2020-01-08 16:22:56,996 INFO 9920 [egg-schedule]: register schedule E:\REACT_DEMO\react_blog\service\node_modules\egg-logrotator\app\schedule\rotate_by_file.js
2020-01-08 16:22:57,377 INFO 10552 [Timer] E:\REACT_DEMO\react_blog\service\node_modules\egg-multipart\app\schedule\clean_tmpdir.js next time will execute after 43622626ms at 2020-01-09 04:30:00.003
2020-01-08 16:22:57,378 INFO 10552 [Timer] E:\REACT_DEMO\react_blog\service\node_modules\egg-logrotator\app\schedule\clean_log.js next time will execute after 27422622ms at 2020-01-09 00:00:00.000
2020-01-08 16:22:57,378 INFO 10552 [Timer] E:\REACT_DEMO\react_blog\service\node_modules\egg-logrotator\app\schedule\rotate_by_file.js next time will execute after 27423622ms at 2020-01-09 00:00:01.000
2020-01-08 16:23:25,922 INFO 9236 [egg-schedule]: register schedule E:\REACT_DEMO\react_blog\service\node_modules\egg-multipart\app\schedule\clean_tmpdir.js
2020-01-08 16:23:25,922 INFO 9236 [egg-schedule]: register schedule E:\REACT_DEMO\react_blog\service\node_modules\egg-logrotator\app\schedule\clean_log.js
2020-01-08 16:23:25,922 INFO 9236 [egg-schedule]: register schedule E:\REACT_DEMO\react_blog\service\node_modules\egg-logrotator\app\schedule\rotate_by_file.js
2020-01-08 16:25:21,028 INFO 7236 [egg-schedule]: register schedule E:\REACT_DEMO\react_blog\service\node_modules\egg-multipart\app\schedule\clean_tmpdir.js
2020-01-08 16:25:21,028 INFO 7236 [egg-schedule]: register schedule E:\REACT_DEMO\react_blog\service\node_modules\egg-logrotator\app\schedule\clean_log.js
2020-01-08 16:25:21,028 INFO 7236 [egg-schedule]: register schedule E:\REACT_DEMO\react_blog\service\node_modules\egg-logrotator\app\schedule\rotate_by_file.js
2020-01-08 16:25:24,348 INFO 6312 [egg-schedule]: register schedule E:\REACT_DEMO\react_blog\service\node_modules\egg-multipart\app\schedule\clean_tmpdir.js
2020-01-08 16:25:24,349 INFO 6312 [egg-schedule]: register schedule E:\REACT_DEMO\react_blog\service\node_modules\egg-logrotator\app\schedule\clean_log.js
2020-01-08 16:25:24,349 INFO 6312 [egg-schedule]: register schedule E:\REACT_DEMO\react_blog\service\node_modules\egg-logrotator\app\schedule\rotate_by_file.js
2020-01-08 16:26:51,567 INFO 6952 [egg-schedule]: register schedule E:\REACT_DEMO\react_blog\service\node_modules\egg-multipart\app\schedule\clean_tmpdir.js
2020-01-08 16:26:51,567 INFO 6952 [egg-schedule]: register schedule E:\REACT_DEMO\react_blog\service\node_modules\egg-logrotator\app\schedule\clean_log.js
2020-01-08 16:26:51,567 INFO 6952 [egg-schedule]: register schedule E:\REACT_DEMO\react_blog\service\node_modules\egg-logrotator\app\schedule\rotate_by_file.js
2020-01-08 16:33:52,494 INFO 6360 [egg-schedule]: register schedule E:\REACT_DEMO\react_blog\service\node_modules\egg-multipart\app\schedule\clean_tmpdir.js
2020-01-08 16:33:52,494 INFO 6360 [egg-schedule]: register schedule E:\REACT_DEMO\react_blog\service\node_modules\egg-logrotator\app\schedule\clean_log.js
2020-01-08 16:33:52,494 INFO 6360 [egg-schedule]: register schedule E:\REACT_DEMO\react_blog\service\node_modules\egg-logrotator\app\schedule\rotate_by_file.js
2020-01-08 16:34:08,959 INFO 5716 [egg-schedule]: register schedule E:\REACT_DEMO\react_blog\service\node_modules\egg-multipart\app\schedule\clean_tmpdir.js
2020-01-08 16:34:08,960 INFO 5716 [egg-schedule]: register schedule E:\REACT_DEMO\react_blog\service\node_modules\egg-logrotator\app\schedule\clean_log.js
2020-01-08 16:34:08,960 INFO 5716 [egg-schedule]: register schedule E:\REACT_DEMO\react_blog\service\node_modules\egg-logrotator\app\schedule\rotate_by_file.js
2020-01-08 16:36:03,687 INFO 8636 [egg-schedule]: register schedule E:\REACT_DEMO\react_blog\service\node_modules\egg-multipart\app\schedule\clean_tmpdir.js
2020-01-08 16:36:03,687 INFO 8636 [egg-schedule]: register schedule E:\REACT_DEMO\react_blog\service\node_modules\egg-logrotator\app\schedule\clean_log.js
2020-01-08 16:36:03,687 INFO 8636 [egg-schedule]: register schedule E:\REACT_DEMO\react_blog\service\node_modules\egg-logrotator\app\schedule\rotate_by_file.js
2020-01-08 16:36:17,833 INFO 9972 [egg-schedule]: register schedule E:\REACT_DEMO\react_blog\service\node_modules\egg-multipart\app\schedule\clean_tmpdir.js
2020-01-08 16:36:17,833 INFO 9972 [egg-schedule]: register schedule E:\REACT_DEMO\react_blog\service\node_modules\egg-logrotator\app\schedule\clean_log.js
2020-01-08 16:36:17,833 INFO 9972 [egg-schedule]: register schedule E:\REACT_DEMO\react_blog\service\node_modules\egg-logrotator\app\schedule\rotate_by_file.js
2020-01-08 16:47:32,310 INFO 8500 [egg-schedule]: register schedule E:\REACT_DEMO\react_blog\service\node_modules\egg-multipart\app\schedule\clean_tmpdir.js
2020-01-08 16:47:32,310 INFO 8500 [egg-schedule]: register schedule E:\REACT_DEMO\react_blog\service\node_modules\egg-logrotator\app\schedule\clean_log.js
2020-01-08 16:47:32,310 INFO 8500 [egg-schedule]: register schedule E:\REACT_DEMO\react_blog\service\node_modules\egg-logrotator\app\schedule\rotate_by_file.js
2020-01-08 16:49:52,122 INFO 7316 [egg-schedule]: register schedule E:\REACT_DEMO\react_blog\service\node_modules\egg-multipart\app\schedule\clean_tmpdir.js
2020-01-08 16:49:52,122 INFO 7316 [egg-schedule]: register schedule E:\REACT_DEMO\react_blog\service\node_modules\egg-logrotator\app\schedule\clean_log.js
2020-01-08 16:49:52,122 INFO 7316 [egg-schedule]: register schedule E:\REACT_DEMO\react_blog\service\node_modules\egg-logrotator\app\schedule\rotate_by_file.js
2020-01-08 16:50:36,126 INFO 6040 [egg-schedule]: register schedule E:\REACT_DEMO\react_blog\service\node_modules\egg-multipart\app\schedule\clean_tmpdir.js
2020-01-08 16:50:36,126 INFO 6040 [egg-schedule]: register schedule E:\REACT_DEMO\react_blog\service\node_modules\egg-logrotator\app\schedule\clean_log.js
2020-01-08 16:50:36,126 INFO 6040 [egg-schedule]: register schedule E:\REACT_DEMO\react_blog\service\node_modules\egg-logrotator\app\schedule\rotate_by_file.js
2020-01-09 10:04:20,047 INFO 8376 [egg-schedule]: register schedule E:\REACT_DEMO\react_blog\service\node_modules\egg-multipart\app\schedule\clean_tmpdir.js
2020-01-09 10:04:20,047 INFO 8376 [egg-schedule]: register schedule E:\REACT_DEMO\react_blog\service\node_modules\egg-logrotator\app\schedule\clean_log.js
2020-01-09 10:04:20,047 INFO 8376 [egg-schedule]: register schedule E:\REACT_DEMO\react_blog\service\node_modules\egg-logrotator\app\schedule\rotate_by_file.js
2020-01-09 10:04:59,783 INFO 5664 [Timer] E:\REACT_DEMO\react_blog\service\node_modules\egg-multipart\app\schedule\clean_tmpdir.js next time will execute after 66300220ms at 2020-01-10 04:30:00.003
2020-01-09 10:04:59,784 INFO 5664 [Timer] E:\REACT_DEMO\react_blog\service\node_modules\egg-logrotator\app\schedule\clean_log.js next time will execute after 50100216ms at 2020-01-10 00:00:00.000
2020-01-09 10:04:59,785 INFO 5664 [Timer] E:\REACT_DEMO\react_blog\service\node_modules\egg-logrotator\app\schedule\rotate_by_file.js next time will execute after 50101216ms at 2020-01-10 00:00:01.001
2020-01-09 10:04:59,613 INFO 8164 [egg-schedule]: register schedule E:\REACT_DEMO\react_blog\service\node_modules\egg-multipart\app\schedule\clean_tmpdir.js
2020-01-09 10:04:59,613 INFO 8164 [egg-schedule]: register schedule E:\REACT_DEMO\react_blog\service\node_modules\egg-logrotator\app\schedule\clean_log.js
2020-01-09 10:04:59,613 INFO 8164 [egg-schedule]: register schedule E:\REACT_DEMO\react_blog\service\node_modules\egg-logrotator\app\schedule\rotate_by_file.js
2020-01-09 10:38:56,348 INFO 10460 [egg-schedule]: register schedule E:\REACT_DEMO\react_blog\service\node_modules\egg-multipart\app\schedule\clean_tmpdir.js
2020-01-09 10:38:56,348 INFO 10460 [egg-schedule]: register schedule E:\REACT_DEMO\react_blog\service\node_modules\egg-logrotator\app\schedule\clean_log.js
2020-01-09 10:38:56,348 INFO 10460 [egg-schedule]: register schedule E:\REACT_DEMO\react_blog\service\node_modules\egg-logrotator\app\schedule\rotate_by_file.js
2020-01-09 10:38:57,684 INFO 11148 [Timer] E:\REACT_DEMO\react_blog\service\node_modules\egg-multipart\app\schedule\clean_tmpdir.js next time will execute after 64262322ms at 2020-01-10 04:30:00.006
2020-01-09 10:38:57,685 INFO 11148 [Timer] E:\REACT_DEMO\react_blog\service\node_modules\egg-logrotator\app\schedule\clean_log.js next time will execute after 48062315ms at 2020-01-10 00:00:00.000
2020-01-09 10:38:57,686 INFO 11148 [Timer] E:\REACT_DEMO\react_blog\service\node_modules\egg-logrotator\app\schedule\rotate_by_file.js next time will execute after 48063315ms at 2020-01-10 00:00:01.001
2020-01-10 10:20:34,405 INFO 8632 [Timer] E:\REACT_DEMO\react_blog\service\node_modules\egg-multipart\app\schedule\clean_tmpdir.js next time will execute after 65365600ms at 2020-01-11 04:30:00.005
2020-01-10 10:20:34,406 INFO 8632 [Timer] E:\REACT_DEMO\react_blog\service\node_modules\egg-logrotator\app\schedule\clean_log.js next time will execute after 49165595ms at 2020-01-11 00:00:00.001
2020-01-10 10:20:34,406 INFO 8632 [Timer] E:\REACT_DEMO\react_blog\service\node_modules\egg-logrotator\app\schedule\rotate_by_file.js next time will execute after 49166594ms at 2020-01-11 00:00:01.000
2020-01-10 10:20:34,103 INFO 8700 [egg-schedule]: register schedule E:\REACT_DEMO\react_blog\service\node_modules\egg-multipart\app\schedule\clean_tmpdir.js
2020-01-10 10:20:34,103 INFO 8700 [egg-schedule]: register schedule E:\REACT_DEMO\react_blog\service\node_modules\egg-logrotator\app\schedule\clean_log.js
2020-01-10 10:20:34,103 INFO 8700 [egg-schedule]: register schedule E:\REACT_DEMO\react_blog\service\node_modules\egg-logrotator\app\schedule\rotate_by_file.js
